dic 27, 2016 4:44:53 PM principal.ClientMain <init>
ADVERTENCIA: No concuerda patrón del nombre de archivo
dic 27, 2016 4:45:02 PM principal.ClientMain <init>
ADVERTENCIA: No concuerda patrón del nombre de archivo
dic 27, 2016 4:45:06 PM principal.ClientMain <init>
ADVERTENCIA: No concuerda patrón del nombre de archivo
dic 27, 2016 4:45:08 PM principal.ClientMain <init>
ADVERTENCIA: No concuerda patrón del nombre de archivo
dic 27, 2016 4:45:10 PM principal.ClientMain <init>
ADVERTENCIA: No concuerda patrón del nombre de archivo
dic 27, 2016 4:45:11 PM principal.ClientMain <init>
ADVERTENCIA: No concuerda patrón del nombre de archivo
dic 27, 2016 6:19:58 PM principal.ClientMain <init>
ADVERTENCIA: No concuerda patrón
dic 27, 2016 6:20:04 PM principal.ClientMain <init>
ADVERTENCIA: No concuerda patrón
dic 27, 2016 6:20:07 PM principal.ClientMain <init>
ADVERTENCIA: No concuerda patrón
dic 27, 2016 6:20:07 PM principal.ClientMain <init>
ADVERTENCIA: ¡¡Demasiados intentos!!
dic 27, 2016 6:58:28 PM principal.ClientMain <init>
ADVERTENCIA: No concuerda patrón
dic 27, 2016 6:58:32 PM principal.ClientMain <init>
ADVERTENCIA: No concuerda patrón
dic 27, 2016 6:58:36 PM principal.ClientMain <init>
ADVERTENCIA: No concuerda patrón
dic 27, 2016 6:58:36 PM principal.ClientMain <init>
ADVERTENCIA: ¡¡Demasiados intentos!!
dic 27, 2016 7:08:10 PM principal.ClientMain <init>
ADVERTENCIA: No concuerda patrón
dic 27, 2016 7:08:14 PM principal.ClientMain <init>
ADVERTENCIA: No concuerda patrón
dic 27, 2016 7:08:17 PM principal.ClientMain <init>
ADVERTENCIA: No concuerda patrón
dic 27, 2016 7:08:17 PM principal.ClientMain <init>
ADVERTENCIA: ¡¡Demasiados intentos!!
dic 27, 2016 7:08:48 PM principal.ClientMain <init>
ADVERTENCIA: No concuerda patrón
dic 27, 2016 7:08:50 PM principal.ClientMain <init>
ADVERTENCIA: No concuerda patrón
dic 27, 2016 7:08:53 PM principal.ClientMain <init>
ADVERTENCIA: No concuerda patrón
dic 27, 2016 7:08:53 PM principal.ClientMain <init>
ADVERTENCIA: ¡¡Demasiados intentos!!
dic 27, 2016 7:51:02 PM principal.ClientMain <init>
ADVERTENCIA: No concuerda patrón
dic 27, 2016 7:55:47 PM principal.ClientMain <init>
ADVERTENCIA: No concuerda patrón
dic 27, 2016 7:55:50 PM principal.ClientMain <init>
ADVERTENCIA: No concuerda patrón
dic 27, 2016 7:55:50 PM principal.ClientMain <init>
ADVERTENCIA: ¡¡Demasiados intentos!!
dic 27, 2016 8:40:57 PM principal.ClientMain <init>
ADVERTENCIA: Error en la validación
dic 27, 2016 8:41:54 PM principal.ClientMain <init>
ADVERTENCIA: Error en la validación
dic 27, 2016 8:42:14 PM principal.ClientMain <init>
ADVERTENCIA: Error en la validación
dic 27, 2016 8:43:06 PM principal.ClientMain <init>
ADVERTENCIA: ¡¡Demasiados intentos!!
dic 27, 2016 8:43:18 PM principal.ClientMain <init>
ADVERTENCIA: No concuerda patrón del nombre de archivo
dic 27, 2016 8:56:23 PM principal.ClientMain <init>
ADVERTENCIA: No concuerda patrón del nombre de archivo
dic 27, 2016 8:56:43 PM principal.ClientMain <init>
ADVERTENCIA: No concuerda patrón del nombre de archivo
dic 27, 2016 8:57:37 PM principal.ClientMain <init>
ADVERTENCIA: No concuerda patrón del nombre de archivo
dic 27, 2016 8:58:59 PM principal.ClientMain <init>
ADVERTENCIA: No concuerda patrón del nombre de archivo
dic 27, 2016 8:59:01 PM principal.ClientMain <init>
ADVERTENCIA: No concuerda patrón del nombre de archivo
dic 27, 2016 8:59:01 PM principal.ClientMain <init>
ADVERTENCIA: ¡¡Demasiados intentos!!
