dic 27, 2016 10:59:56 AM principal.ServerMain main
INFORMACIÓN: Cliente conectado
dic 27, 2016 11:11:48 AM principal.ServerMain main
INFORMACIÓN: Cliente conectado
dic 27, 2016 11:12:11 AM principal.ServerMain main
INFORMACIÓN: Cliente conectado
dic 27, 2016 11:13:31 AM principal.ServerMain main
INFORMACIÓN: Cliente conectado
dic 27, 2016 11:15:18 AM principal.ServerMain main
INFORMACIÓN: Cliente conectado
dic 27, 2016 11:15:31 AM principal.ServerMain run
ADVERTENCIA: Usuario registrado pruebass
dic 27, 2016 11:17:44 AM principal.ServerMain main
INFORMACIÓN: Cliente conectado
dic 27, 2016 11:17:57 AM principal.ServerMain run
ADVERTENCIA: Intento de Log fallido lalalala/127.0.0.1:39628
dic 27, 2016 11:49:36 AM principal.ServerMain main
INFORMACIÓN: Cliente conectado
dic 27, 2016 11:49:50 AM principal.ServerMain run
INFORMACIÓN: Usuario registrado pruebass
dic 27, 2016 11:51:02 AM principal.ServerMain main
INFORMACIÓN: Cliente conectado
dic 27, 2016 11:51:10 AM principal.ServerMain run
INFORMACIÓN: Usuario registrado pruebass
dic 27, 2016 11:59:52 AM principal.ServerMain main
INFORMACIÓN: Cliente conectado
dic 27, 2016 12:00:00 PM principal.ServerMain run
INFORMACIÓN: Usuario registrado pruebass
dic 27, 2016 12:31:05 PM principal.ServerMain main
INFORMACIÓN: Cliente conectado
dic 27, 2016 12:31:15 PM principal.ServerMain run
ADVERTENCIA: ->Intento de Log fallido pruebass/127.0.0.1:40050
dic 27, 2016 12:31:26 PM principal.ServerMain run
ADVERTENCIA: ->Intento de Log fallido pruebass/127.0.0.1:40050
dic 27, 2016 12:34:51 PM principal.ServerMain main
INFORMACIÓN: Cliente conectado
dic 27, 2016 12:34:58 PM principal.ServerMain run
INFORMACIÓN: Usuario registrado pruebass
dic 27, 2016 12:37:57 PM principal.ServerMain main
INFORMACIÓN: Cliente conectado
dic 27, 2016 12:38:04 PM principal.ServerMain run
INFORMACIÓN: Usuario registrado pruebass
dic 27, 2016 12:38:43 PM principal.ServerMain main
INFORMACIÓN: Cliente conectado
dic 27, 2016 12:38:49 PM principal.ServerMain run
INFORMACIÓN: Usuario registrado pruebass
dic 27, 2016 12:39:32 PM principal.ServerMain main
INFORMACIÓN: Cliente conectado
dic 27, 2016 12:39:38 PM principal.ServerMain run
INFORMACIÓN: Usuario registrado pruebass
dic 27, 2016 12:41:31 PM principal.ServerMain main
INFORMACIÓN: Cliente conectado
dic 27, 2016 12:41:37 PM principal.ServerMain run
INFORMACIÓN: Usuario registrado pruebass
dic 27, 2016 12:42:04 PM principal.ServerMain main
INFORMACIÓN: Cliente conectado
dic 27, 2016 12:42:10 PM principal.ServerMain run
INFORMACIÓN: Usuario registrado pruebass
dic 27, 2016 12:43:20 PM principal.ServerMain main
INFORMACIÓN: Cliente conectado
dic 27, 2016 12:43:27 PM principal.ServerMain run
INFORMACIÓN: Usuario registrado pruebass
dic 27, 2016 12:45:38 PM principal.ServerMain main
INFORMACIÓN: Cliente conectado
dic 27, 2016 12:45:44 PM principal.ServerMain run
INFORMACIÓN: Usuario registrado pruebass
dic 27, 2016 12:46:12 PM principal.ServerMain main
INFORMACIÓN: Cliente conectado
dic 27, 2016 12:46:21 PM principal.ServerMain run
INFORMACIÓN: Usuario registrado ceripper
dic 27, 2016 1:29:18 PM principal.ServerMain main
INFORMACIÓN: Cliente conectado
dic 27, 2016 1:29:26 PM principal.ServerMain run
INFORMACIÓN: Usuario registrado pruebass
dic 27, 2016 1:49:45 PM principal.ServerMain main
INFORMACIÓN: Cliente conectado
dic 27, 2016 1:49:51 PM principal.ServerMain run
INFORMACIÓN: Usuario registrado pruebass
dic 27, 2016 1:59:22 PM principal.ServerMain main
INFORMACIÓN: Cliente conectado
dic 27, 2016 1:59:30 PM principal.ServerMain run
INFORMACIÓN: Usuario registrado pruebass
dic 27, 2016 1:59:41 PM principal.ServerMain main
INFORMACIÓN: Cliente conectado
dic 27, 2016 1:59:48 PM principal.ServerMain run
INFORMACIÓN: Usuario registrado ceripper
dic 27, 2016 2:01:23 PM principal.ServerMain main
INFORMACIÓN: Cliente conectado
dic 27, 2016 2:01:32 PM principal.ServerMain run
INFORMACIÓN: Usuario registrado ceripper
dic 27, 2016 2:02:02 PM principal.ServerMain main
INFORMACIÓN: Cliente conectado
dic 27, 2016 2:02:10 PM principal.ServerMain run
INFORMACIÓN: Usuario registrado ceripper
dic 27, 2016 2:05:03 PM principal.ServerMain main
INFORMACIÓN: Cliente conectado
dic 27, 2016 2:05:11 PM principal.ServerMain run
INFORMACIÓN: Usuario registrado ceripper
dic 27, 2016 2:05:44 PM principal.ServerMain main
INFORMACIÓN: Cliente conectado
dic 27, 2016 2:05:51 PM principal.ServerMain run
INFORMACIÓN: Usuario registrado pruebass
dic 27, 2016 2:05:59 PM principal.ServerMain main
INFORMACIÓN: Cliente conectado
dic 27, 2016 2:06:07 PM principal.ServerMain run
INFORMACIÓN: Usuario registrado ceripper
dic 27, 2016 2:06:38 PM principal.ServerMain main
INFORMACIÓN: Cliente conectado
dic 27, 2016 2:06:47 PM principal.ServerMain run
INFORMACIÓN: Usuario registrado pruebass
dic 27, 2016 2:06:52 PM principal.ServerMain main
INFORMACIÓN: Cliente conectado
dic 27, 2016 2:07:00 PM principal.ServerMain run
INFORMACIÓN: Usuario registrado ceripper
dic 27, 2016 4:44:44 PM principal.ServerMain main
INFORMACIÓN: Cliente conectado
dic 27, 2016 4:44:53 PM principal.ServerMain run
INFORMACIÓN: Usuario registrado pruebass
dic 27, 2016 6:19:39 PM principal.ServerMain main
INFORMACIÓN: Cliente conectado
dic 27, 2016 6:19:49 PM principal.ServerMain main
INFORMACIÓN: Cliente conectado
dic 27, 2016 6:58:05 PM principal.ServerMain main
INFORMACIÓN: Cliente conectado
dic 27, 2016 7:08:02 PM principal.ServerMain main
INFORMACIÓN: Cliente conectado
dic 27, 2016 7:08:43 PM principal.ServerMain main
INFORMACIÓN: Cliente conectado
dic 27, 2016 7:24:35 PM principal.ServerMain main
INFORMACIÓN: Cliente conectado
dic 27, 2016 7:29:36 PM principal.ServerMain main
INFORMACIÓN: Cliente conectado
dic 27, 2016 8:40:45 PM principal.ServerMain main
INFORMACIÓN: Cliente conectado
dic 27, 2016 8:40:57 PM principal.ServerMain run
ADVERTENCIA: ->Intento de Log fallido (pruebass/127.0.0.1:57848)
dic 27, 2016 8:41:54 PM principal.ServerMain run
ADVERTENCIA: ->Intento de Log fallido (ceripper/127.0.0.1:57848)
dic 27, 2016 8:42:14 PM principal.ServerMain run
ADVERTENCIA: ->Intento de Log fallido (tercerod/127.0.0.1:57848)
dic 27, 2016 8:43:12 PM principal.ServerMain main
INFORMACIÓN: Cliente conectado
dic 27, 2016 8:43:18 PM principal.ServerMain run
INFORMACIÓN: Usuario registrado pruebass
dic 27, 2016 8:56:16 PM principal.ServerMain main
INFORMACIÓN: Cliente conectado
dic 27, 2016 8:56:23 PM principal.ServerMain run
INFORMACIÓN: Usuario registrado pruebass
dic 27, 2016 8:56:36 PM principal.ServerMain main
INFORMACIÓN: Cliente conectado
dic 27, 2016 8:56:43 PM principal.ServerMain run
INFORMACIÓN: Usuario registrado pruebass
dic 27, 2016 8:57:29 PM principal.ServerMain main
INFORMACIÓN: Cliente conectado
dic 27, 2016 8:57:37 PM principal.ServerMain run
INFORMACIÓN: Usuario registrado ceripper
